TuChamba/app/build/intermediates/manifest_merge_blame_file/debug/manifest-merger-blame-debug-report.txt
1<?xml version="1.0" encoding="utf-8"?>
2<manifest xmlns:android="http://schemas.android.com/apk/res/android"
3    package="com.example.tuchamba"
4    android:versionCode="1"
5    android:versionName="1.0" >
6
7    <uses-sdk
8        android:minSdkVersion="21"
8-->src\main\AndroidManifest.xml
9        android:targetSdkVersion="30" />
9-->src\main\AndroidManifest.xml
10
11    <!--
12         The ACCESS_COARSE/FINE_LOCATION permissions are not required to use
13         Google Maps Android API v2, but you must specify either coarse or fine
14         location permissions for the "MyLocation" functionality.
15    -->
16    <uses-permission android:name="android.permission.ACCESS_FINE_LOCATION" />
16-->src\main\AndroidManifest.xml:10:5-79
16-->src\main\AndroidManifest.xml:10:22-76
17    <uses-permission android:name="android.permission.ACCESS_COARSE_LOCATION" />
17-->src\main\AndroidManifest.xml:11:5-81
17-->src\main\AndroidManifest.xml:11:22-78
18    <uses-permission android:name="android.permission.INTERNET" />
18-->src\main\AndroidManifest.xml:12:5-67
18-->src\main\AndroidManifest.xml:12:22-64
19    <uses-permission android:name="android.permission.ACCESS_NETWORK_STATE" />
19-->[com.google.firebase:firebase-auth:20.0.1] AndroidManifest.xml:24:5-79
19-->[com.google.firebase:firebase-auth:20.0.1] AndroidManifest.xml:24:22-76
20
21    <uses-feature
21-->[com.google.android.gms:play-services-maps:17.0.0] AndroidManifest.xml:26:5-28:35
22        android:glEsVersion="0x00020000"
22-->[com.google.android.gms:play-services-maps:17.0.0] AndroidManifest.xml:27:9-41
23        android:required="true" />
23-->[com.google.android.gms:play-services-maps:17.0.0] AndroidManifest.xml:28:9-32
24
25    <uses-permission android:name="android.permission.WAKE_LOCK" />
25-->[com.google.android.gms:play-services-measurement-api:18.0.0] AndroidManifest.xml:24:5-68
25-->[com.google.android.gms:play-services-measurement-api:18.0.0] AndroidManifest.xml:24:22-65
26    <uses-permission android:name="com.google.android.finsky.permission.BIND_GET_INSTALL_REFERRER_SERVICE" />
26-->[com.google.android.gms:play-services-measurement:18.0.0] AndroidManifest.xml:26:5-110
26-->[com.google.android.gms:play-services-measurement:18.0.0] AndroidManifest.xml:26:22-107
27
28    <application
28-->src\main\AndroidManifest.xml:14:5-74:19
29        android:allowBackup="true"
29-->src\main\AndroidManifest.xml:15:9-35
30        android:appComponentFactory="androidx.core.app.CoreComponentFactory"
30-->[androidx.core:core:1.3.1] AndroidManifest.xml:24:18-86
31        android:debuggable="true"
32        android:icon="@mipmap/ic_icono"
32-->src\main\AndroidManifest.xml:16:9-40
33        android:label="@string/app_name"
33-->src\main\AndroidManifest.xml:17:9-41
34        android:roundIcon="@mipmap/ic_icono"
34-->src\main\AndroidManifest.xml:18:9-45
35        android:supportsRtl="true"
35-->src\main\AndroidManifest.xml:19:9-35
36        android:testOnly="true"
37        android:theme="@style/AppTheme" >
37-->src\main\AndroidManifest.xml:20:9-40
38
39        <!--
40             The API key for Google Maps-based APIs is defined as a string resource.
41             (See the file "res/values/google_maps_api.xml").
42             Note that the API key is linked to the encryption key used to sign the APK.
43             You need a different API key for each encryption key, including the release key that is used to
44             sign the APK for publishing.
45             You can define the keys for the debug and release targets in src/debug/ and src/release/.
46        -->
47        <meta-data
47-->src\main\AndroidManifest.xml:30:9-32:55
48            android:name="com.google.android.geo.API_KEY"
48-->src\main\AndroidManifest.xml:31:13-58
49            android:value="@string/google_maps_key" />
49-->src\main\AndroidManifest.xml:32:13-52
50
51        <activity
51-->src\main\AndroidManifest.xml:34:9-36:69
52            android:name="com.example.tuchamba.MapsActivity2"
52-->src\main\AndroidManifest.xml:35:13-42
53            android:label="@string/title_activity_maps2" />
53-->src\main\AndroidManifest.xml:36:13-57
54        <activity
54-->src\main\AndroidManifest.xml:37:9-39:59
55            android:name="com.example.tuchamba.MapsActivity"
55-->src\main\AndroidManifest.xml:38:13-41
56            android:label="@string/title_activity_maps" />
56-->src\main\AndroidManifest.xml:39:13-56
57        <activity
57-->src\main\AndroidManifest.xml:40:9-42:59
58            android:name="com.example.tuchamba.activity_perfil"
58-->src\main\AndroidManifest.xml:41:13-44
59            android:theme="@style/AppTheme.NoActionBar" />
59-->src\main\AndroidManifest.xml:42:13-56
60        <activity
60-->src\main\AndroidManifest.xml:43:9-45:59
61            android:name="com.example.tuchamba.CuentaCreadaActivity"
61-->src\main\AndroidManifest.xml:44:13-49
62            android:theme="@style/AppTheme.NoActionBar" />
62-->src\main\AndroidManifest.xml:45:13-56
63        <activity
63-->src\main\AndroidManifest.xml:46:9-49:59
64            android:name="com.example.tuchamba.BarraMenuActivity"
64-->src\main\AndroidManifest.xml:47:13-46
65            android:label="@string/title_activity_barra_menu"
65-->src\main\AndroidManifest.xml:48:13-62
66            android:theme="@style/AppTheme.NoActionBar" />
66-->src\main\AndroidManifest.xml:49:13-56
67        <activity
67-->src\main\AndroidManifest.xml:50:9-52:51
68            android:name="com.example.tuchamba.activity_trabajo"
68-->src\main\AndroidManifest.xml:51:13-45
69            android:label="Informacion Laboral" />
69-->src\main\AndroidManifest.xml:52:13-48
70        <activity
70-->src\main\AndroidManifest.xml:53:9-55:48
71            android:name="com.example.tuchamba.activity_inicio"
71-->src\main\AndroidManifest.xml:54:13-44
72            android:label="Datos Personales" />
72-->src\main\AndroidManifest.xml:55:13-45
73        <activity android:name="com.example.tuchamba.MainActivity" />
73-->src\main\AndroidManifest.xml:56:9-50
73-->src\main\AndroidManifest.xml:56:19-47
74        <activity
74-->src\main\AndroidManifest.xml:57:9-63:20
75            android:name="com.example.tuchamba.SignUpActivity"
75-->src\main\AndroidManifest.xml:58:13-43
76            android:parentActivityName="com.example.tuchamba.MainActivity" >
76-->src\main\AndroidManifest.xml:59:13-55
77            <meta-data
77-->src\main\AndroidManifest.xml:60:13-62:49
78                android:name="android.support.PARENT_ACTIVITY"
78-->src\main\AndroidManifest.xml:61:17-63
79                android:value=".MainActivity" />
79-->src\main\AndroidManifest.xml:62:17-46
80        </activity>
81        <activity android:name="com.example.tuchamba.activity_splash" >
81-->src\main\AndroidManifest.xml:64:9-70:20
81-->src\main\AndroidManifest.xml:64:19-50
82            <intent-filter>
82-->src\main\AndroidManifest.xml:65:13-69:29
83                <action android:name="android.intent.action.MAIN" />
83-->src\main\AndroidManifest.xml:66:17-69
83-->src\main\AndroidManifest.xml:66:25-66
84
85                <category android:name="android.intent.category.LAUNCHER" />
85-->src\main\AndroidManifest.xml:68:17-77
85-->src\main\AndroidManifest.xml:68:27-74
86            </intent-filter>
87        </activity>
88        <activity
88-->src\main\AndroidManifest.xml:71:9-73:59
89            android:name="com.theartofdev.edmodo.cropper.CropImageActivity"
89-->src\main\AndroidManifest.xml:72:13-76
90            android:theme="@style/Base.Theme.AppCompat" />
90-->src\main\AndroidManifest.xml:73:13-56
91        <activity
91-->[com.google.firebase:firebase-auth:20.0.1] AndroidManifest.xml:27:9-44:20
92            android:name="com.google.firebase.auth.internal.GenericIdpActivity"
92-->[com.google.firebase:firebase-auth:20.0.1] AndroidManifest.xml:28:13-80
93            android:excludeFromRecents="true"
93-->[com.google.firebase:firebase-auth:20.0.1] AndroidManifest.xml:29:13-46
94            android:exported="true"
94-->[com.google.firebase:firebase-auth:20.0.1] AndroidManifest.xml:30:13-36
95            android:launchMode="singleTask"
95-->[com.google.firebase:firebase-auth:20.0.1] AndroidManifest.xml:31:13-44
96            android:theme="@android:style/Theme.Translucent.NoTitleBar" >
96-->[com.google.firebase:firebase-auth:20.0.1] AndroidManifest.xml:32:13-72
97            <intent-filter>
97-->[com.google.firebase:firebase-auth:20.0.1] AndroidManifest.xml:33:13-43:29
98                <action android:name="android.intent.action.VIEW" />
98-->[com.google.firebase:firebase-auth:20.0.1] AndroidManifest.xml:34:17-69
98-->[com.google.firebase:firebase-auth:20.0.1] AndroidManifest.xml:34:25-66
99
100                <category android:name="android.intent.category.DEFAULT" />
100-->[com.google.firebase:firebase-auth:20.0.1] AndroidManifest.xml:36:17-76
100-->[com.google.firebase:firebase-auth:20.0.1] AndroidManifest.xml:36:27-73
101                <category android:name="android.intent.category.BROWSABLE" />
101-->[com.google.firebase:firebase-auth:20.0.1] AndroidManifest.xml:37:17-78
101-->[com.google.firebase:firebase-auth:20.0.1] AndroidManifest.xml:37:27-75
102
103                <data
103-->[com.google.firebase:firebase-auth:20.0.1] AndroidManifest.xml:39:17-42:51
104                    android:host="firebase.auth"
104-->[com.google.firebase:firebase-auth:20.0.1] AndroidManifest.xml:40:21-49
105                    android:path="/"
105-->[com.google.firebase:firebase-auth:20.0.1] AndroidManifest.xml:41:21-37
106                    android:scheme="genericidp" />
106-->[com.google.firebase:firebase-auth:20.0.1] AndroidManifest.xml:42:21-48
107            </intent-filter>
108        </activity>
109        <activity
109-->[com.google.firebase:firebase-auth:20.0.1] AndroidManifest.xml:45:9-62:20
110            android:name="com.google.firebase.auth.internal.RecaptchaActivity"
110-->[com.google.firebase:firebase-auth:20.0.1] AndroidManifest.xml:46:13-79
111            android:excludeFromRecents="true"
111-->[com.google.firebase:firebase-auth:20.0.1] AndroidManifest.xml:47:13-46
112            android:exported="true"
112-->[com.google.firebase:firebase-auth:20.0.1] AndroidManifest.xml:48:13-36
113            android:launchMode="singleTask"
113-->[com.google.firebase:firebase-auth:20.0.1] AndroidManifest.xml:49:13-44
114            android:theme="@android:style/Theme.Translucent.NoTitleBar" >
114-->[com.google.firebase:firebase-auth:20.0.1] AndroidManifest.xml:50:13-72
115            <intent-filter>
115-->[com.google.firebase:firebase-auth:20.0.1] AndroidManifest.xml:51:13-61:29
116                <action android:name="android.intent.action.VIEW" />
116-->[com.google.firebase:firebase-auth:20.0.1] AndroidManifest.xml:34:17-69
116-->[com.google.firebase:firebase-auth:20.0.1] AndroidManifest.xml:34:25-66
117
118                <category android:name="android.intent.category.DEFAULT" />
118-->[com.google.firebase:firebase-auth:20.0.1] AndroidManifest.xml:36:17-76
118-->[com.google.firebase:firebase-auth:20.0.1] AndroidManifest.xml:36:27-73
119                <category android:name="android.intent.category.BROWSABLE" />
119-->[com.google.firebase:firebase-auth:20.0.1] AndroidManifest.xml:37:17-78
119-->[com.google.firebase:firebase-auth:20.0.1] AndroidManifest.xml:37:27-75
120
121                <data
121-->[com.google.firebase:firebase-auth:20.0.1] AndroidManifest.xml:39:17-42:51
122                    android:host="firebase.auth"
122-->[com.google.firebase:firebase-auth:20.0.1] AndroidManifest.xml:40:21-49
123                    android:path="/"
123-->[com.google.firebase:firebase-auth:20.0.1] AndroidManifest.xml:41:21-37
124                    android:scheme="recaptcha" />
124-->[com.google.firebase:firebase-auth:20.0.1] AndroidManifest.xml:42:21-48
125            </intent-filter>
126        </activity>
127
128        <service
128-->[com.google.firebase:firebase-auth:20.0.1] AndroidManifest.xml:64:9-73:19
129            android:name="com.google.firebase.auth.api.fallback.service.FirebaseAuthFallbackService"
129-->[com.google.firebase:firebase-auth:20.0.1] AndroidManifest.xml:65:13-101
130            android:enabled="true"
130-->[com.google.firebase:firebase-auth:20.0.1] AndroidManifest.xml:66:13-35
131            android:exported="false" >
131-->[com.google.firebase:firebase-auth:20.0.1] AndroidManifest.xml:67:13-37
132            <intent-filter>
132-->[com.google.firebase:firebase-auth:20.0.1] AndroidManifest.xml:68:13-72:29
133                <action android:name="com.google.firebase.auth.api.gms.service.START" />
133-->[com.google.firebase:firebase-auth:20.0.1] AndroidManifest.xml:69:17-89
133-->[com.google.firebase:firebase-auth:20.0.1] AndroidManifest.xml:69:25-86
134
135                <category android:name="android.intent.category.DEFAULT" />
135-->[com.google.firebase:firebase-auth:20.0.1] AndroidManifest.xml:36:17-76
135-->[com.google.firebase:firebase-auth:20.0.1] AndroidManifest.xml:36:27-73
136            </intent-filter>
137        </service>
138        <service
138-->[com.google.firebase:firebase-auth:20.0.1] AndroidManifest.xml:74:9-80:19
139            android:name="com.google.firebase.components.ComponentDiscoveryService"
139-->[com.google.firebase:firebase-auth:20.0.1] AndroidManifest.xml:75:13-84
140            android:directBootAware="true"
140-->[com.google.firebase:firebase-common:19.4.0] AndroidManifest.xml:35:13-43
141            android:exported="false" >
141-->[com.google.firebase:firebase-auth:20.0.1] AndroidManifest.xml:76:13-37
142            <meta-data
142-->[com.google.firebase:firebase-auth:20.0.1] AndroidManifest.xml:77:13-79:85
143                android:name="com.google.firebase.components:com.google.firebase.auth.FirebaseAuthRegistrar"
143-->[com.google.firebase:firebase-auth:20.0.1] AndroidManifest.xml:78:17-109
144                android:value="com.google.firebase.components.ComponentRegistrar" />
144-->[com.google.firebase:firebase-auth:20.0.1] AndroidManifest.xml:79:17-82
145            <meta-data
145-->[com.google.firebase:firebase-database:19.5.1] AndroidManifest.xml:32:13-34:85
146                android:name="com.google.firebase.components:com.google.firebase.database.DatabaseRegistrar"
146-->[com.google.firebase:firebase-database:19.5.1] AndroidManifest.xml:33:17-109
147                android:value="com.google.firebase.components.ComponentRegistrar" />
147-->[com.google.firebase:firebase-database:19.5.1] AndroidManifest.xml:34:17-82
148            <meta-data
148-->[com.google.firebase:firebase-firestore:22.0.0] AndroidManifest.xml:20:13-22:85
149                android:name="com.google.firebase.components:com.google.firebase.firestore.FirestoreRegistrar"
149-->[com.google.firebase:firebase-firestore:22.0.0] AndroidManifest.xml:21:17-111
150                android:value="com.google.firebase.components.ComponentRegistrar" />
150-->[com.google.firebase:firebase-firestore:22.0.0] AndroidManifest.xml:22:17-82
151            <meta-data
151-->[com.google.firebase:firebase-storage:19.2.0] AndroidManifest.xml:33:13-35:85
152                android:name="com.google.firebase.components:com.google.firebase.storage.StorageRegistrar"
152-->[com.google.firebase:firebase-storage:19.2.0] AndroidManifest.xml:34:17-107
153                android:value="com.google.firebase.components.ComponentRegistrar" />
153-->[com.google.firebase:firebase-storage:19.2.0] AndroidManifest.xml:35:17-82
154            <meta-data
154-->[com.google.android.gms:play-services-measurement-api:18.0.0] AndroidManifest.xml:30:13-32:85
155                android:name="com.google.firebase.components:com.google.firebase.analytics.connector.internal.AnalyticsConnectorRegistrar"
155-->[com.google.android.gms:play-services-measurement-api:18.0.0] AndroidManifest.xml:31:17-139
156                android:value="com.google.firebase.components.ComponentRegistrar" />
156-->[com.google.android.gms:play-services-measurement-api:18.0.0] AndroidManifest.xml:32:17-82
157            <meta-data
157-->[com.google.firebase:firebase-installations:16.3.2] AndroidManifest.xml:17:13-19:85
158                android:name="com.google.firebase.components:com.google.firebase.installations.FirebaseInstallationsRegistrar"
158-->[com.google.firebase:firebase-installations:16.3.2] AndroidManifest.xml:18:17-127
159                android:value="com.google.firebase.components.ComponentRegistrar" />
159-->[com.google.firebase:firebase-installations:16.3.2] AndroidManifest.xml:19:17-82
160        </service> <!-- Needs to be explicitly declared on P+ -->
161        <uses-library
161-->[com.google.android.gms:play-services-maps:17.0.0] AndroidManifest.xml:33:9-35:40
162            android:name="org.apache.http.legacy"
162-->[com.google.android.gms:play-services-maps:17.0.0] AndroidManifest.xml:34:13-50
163            android:required="false" />
163-->[com.google.android.gms:play-services-maps:17.0.0] AndroidManifest.xml:35:13-37
164
165        <activity
165-->[com.google.android.gms:play-services-base:17.3.0] AndroidManifest.xml:23:9-26:75
166            android:name="com.google.android.gms.common.api.GoogleApiActivity"
166-->[com.google.android.gms:play-services-base:17.3.0] AndroidManifest.xml:24:13-79
167            android:exported="false"
167-->[com.google.android.gms:play-services-base:17.3.0] AndroidManifest.xml:25:13-37
168            android:theme="@android:style/Theme.Translucent.NoTitleBar" />
168-->[com.google.android.gms:play-services-base:17.3.0] AndroidManifest.xml:26:13-72
169
170        <provider
170-->[com.google.firebase:firebase-common:19.4.0] AndroidManifest.xml:26:9-31:39
171            android:name="com.google.firebase.provider.FirebaseInitProvider"
171-->[com.google.firebase:firebase-common:19.4.0] AndroidManifest.xml:27:13-77
172            android:authorities="com.example.tuchamba.firebaseinitprovider"
172-->[com.google.firebase:firebase-common:19.4.0] AndroidManifest.xml:28:13-72
173            android:directBootAware="true"
173-->[com.google.firebase:firebase-common:19.4.0] AndroidManifest.xml:29:13-43
174            android:exported="false"
174-->[com.google.firebase:firebase-common:19.4.0] AndroidManifest.xml:30:13-37
175            android:initOrder="100" />
175-->[com.google.firebase:firebase-common:19.4.0] AndroidManifest.xml:31:13-36
176
177        <receiver
177-->[com.google.android.gms:play-services-measurement:18.0.0] AndroidManifest.xml:29:9-33:20
178            android:name="com.google.android.gms.measurement.AppMeasurementReceiver"
178-->[com.google.android.gms:play-services-measurement:18.0.0] AndroidManifest.xml:30:13-85
179            android:enabled="true"
179-->[com.google.android.gms:play-services-measurement:18.0.0] AndroidManifest.xml:31:13-35
180            android:exported="false" >
180-->[com.google.android.gms:play-services-measurement:18.0.0] AndroidManifest.xml:32:13-37
181        </receiver>
182
183        <service
183-->[com.google.android.gms:play-services-measurement:18.0.0] AndroidManifest.xml:35:9-38:40
184            android:name="com.google.android.gms.measurement.AppMeasurementService"
184-->[com.google.android.gms:play-services-measurement:18.0.0] AndroidManifest.xml:36:13-84
185            android:enabled="true"
185-->[com.google.android.gms:play-services-measurement:18.0.0] AndroidManifest.xml:37:13-35
186            android:exported="false" />
186-->[com.google.android.gms:play-services-measurement:18.0.0] AndroidManifest.xml:38:13-37
187        <service
187-->[com.google.android.gms:play-services-measurement:18.0.0] AndroidManifest.xml:39:9-43:72
188            android:name="com.google.android.gms.measurement.AppMeasurementJobService"
188-->[com.google.android.gms:play-services-measurement:18.0.0] AndroidManifest.xml:40:13-87
189            android:enabled="true"
189-->[com.google.android.gms:play-services-measurement:18.0.0] AndroidManifest.xml:41:13-35
190            android:exported="false"
190-->[com.google.android.gms:play-services-measurement:18.0.0] AndroidManifest.xml:42:13-37
191            android:permission="android.permission.BIND_JOB_SERVICE" />
191-->[com.google.android.gms:play-services-measurement:18.0.0] AndroidManifest.xml:43:13-69
192
193        <meta-data
193-->[com.google.android.gms:play-services-basement:17.3.0] AndroidManifest.xml:23:9-25:69
194            android:name="com.google.android.gms.version"
194-->[com.google.android.gms:play-services-basement:17.3.0] AndroidManifest.xml:24:13-58
195            android:value="@integer/google_play_services_version" />
195-->[com.google.android.gms:play-services-basement:17.3.0] AndroidManifest.xml:25:13-66
196
197        <provider
197-->[androidx.lifecycle:lifecycle-process:2.2.0] AndroidManifest.xml:25:9-29:43
198            android:name="androidx.lifecycle.ProcessLifecycleOwnerInitializer"
198-->[androidx.lifecycle:lifecycle-process:2.2.0] AndroidManifest.xml:26:13-79
199            android:authorities="com.example.tuchamba.lifecycle-process"
199-->[androidx.lifecycle:lifecycle-process:2.2.0] AndroidManifest.xml:27:13-69
200            android:exported="false"
200-->[androidx.lifecycle:lifecycle-process:2.2.0] AndroidManifest.xml:28:13-37
201            android:multiprocess="true" />
201-->[androidx.lifecycle:lifecycle-process:2.2.0] AndroidManifest.xml:29:13-40
202    </application>
203
204</manifest>